<?xml version="1.0" encoding="UTF-8"?>
<!-- Generated by org.testng.reporters.JUnitReportReporter -->
<testsuite skipped="0" hostname="DESKTOP-SHJRQ9O" name="com.san.test.SeleniumTest" tests="2" failures="0" timestamp="07 Jul 2018 06:22:17 GMT" time="8.039" errors="0">
  <testcase name="test2" time="0.006" classname="com.san.test.SeleniumTest"/>
  <testcase name="OpenBrowser" time="8.033" classname="com.san.test.SeleniumTest"/>
</testsuite> <!-- com.san.test.SeleniumTest -->
