<?xml version="1.0" encoding="UTF-8"?>
<!-- Generated by org.testng.reporters.JUnitReportReporter -->
<testsuite skipped="0" hostname="DESKTOP-SHJRQ9O" name="com.san.test.SeleniumTest" tests="1" failures="0" timestamp="07 Jul 2018 04:16:34 GMT" time="4.759" errors="0">
  <testcase name="OpenBrowser" time="4.759" classname="com.san.test.SeleniumTest"/>
</testsuite> <!-- com.san.test.SeleniumTest -->
